<?xml version="1.0" encoding="UTF-8"?>
<testng-results skipped="0" failed="0" ignored="0" total="2" passed="2">
  <reporter-output>
  </reporter-output>
  <suite name="Suite" duration-ms="12363" started-at="2018-10-18T16:08:39Z" finished-at="2018-10-18T16:08:52Z">
    <groups>
    </groups>
    <test name="Test" duration-ms="12363" started-at="2018-10-18T16:08:39Z" finished-at="2018-10-18T16:08:52Z">
      <class name="EndToEndWebTesting.AutomationWebTests.WebTests">
        <test-method status="PASS" signature="SetUp()[pri:0, instance:EndToEndWebTesting.AutomationWebTests.WebTests@8317c52]" name="SetUp" is-config="true" duration-ms="6876" started-at="2018-10-18T16:08:39Z" finished-at="2018-10-18T16:08:46Z">
          <reporter-output>
          </reporter-output>
        </test-method> <!-- SetUp -->
        <test-method status="PASS" signature="Login(java.lang.String, java.lang.String)[pri:0, instance:EndToEndWebTesting.AutomationWebTests.WebTests@8317c52]" name="Login" duration-ms="2094" started-at="2018-10-18T16:08:46Z" data-provider="getData" finished-at="2018-10-18T16:08:48Z">
          <params>
            <param index="0">
              <value>
                <![CDATA[mmoro@yahoo]]>
              </value>
            </param>
            <param index="1">
              <value>
                <![CDATA[passwABC]]>
              </value>
            </param>
          </params>
          <reporter-output>
          </reporter-output>
        </test-method> <!-- Login -->
        <test-method status="PASS" signature="Login(java.lang.String, java.lang.String)[pri:0, instance:EndToEndWebTesting.AutomationWebTests.WebTests@8317c52]" name="Login" duration-ms="2662" started-at="2018-10-18T16:08:48Z" data-provider="getData" finished-at="2018-10-18T16:08:51Z">
          <params>
            <param index="0">
              <value>
                <![CDATA[gino@yahoo]]>
              </value>
            </param>
            <param index="1">
              <value>
                <![CDATA[passDEF]]>
              </value>
            </param>
          </params>
          <reporter-output>
          </reporter-output>
        </test-method> <!-- Login -->
        <test-method status="PASS" signature="TearDown()[pri:0, instance:EndToEndWebTesting.AutomationWebTests.WebTests@8317c52]" name="TearDown" is-config="true" duration-ms="717" started-at="2018-10-18T16:08:51Z" finished-at="2018-10-18T16:08:52Z">
          <reporter-output>
          </reporter-output>
        </test-method> <!-- TearDown -->
      </class> <!-- EndToEndWebTesting.AutomationWebTests.WebTests -->
    </test> <!-- Test -->
  </suite> <!-- Suite -->
</testng-results>
